<?xml version="1.0" encoding="UTF-8"?>
<testsuite name="Viva Colombia Find Flight Functionality Feature" tests="1" skipped="0" failures="0" errors="0" timestamp="2018-10-25T22:20:08" hostname="RC-PC" time="55.724">
  <properties/>
  <testcase name="Find Flight on Viva Colombia" classname="Viva Colombia Find Flight Functionality Feature" time="55.724"/>
  <system-out><![CDATA[]]></system-out>
  <system-err><![CDATA[1540506010281	mozrunner::runner	INFO	Running command: "C:\\Program Files\\Mozilla Firefox\\firefox.exe" "-marionette" "-foreground" "-no-remote" "-profile" "C:\\Users\\SBMEDA~1\\AppData\\Local\\Temp\\rust_mozprofile.CRlA7QDUDg11"
1540506010459	addons.manager	DEBUG	Application has been upgraded
1540506010484	addons.manager	DEBUG	Loaded provider scope for resource://gre/modules/addons/XPIProvider.jsm: ["XPIProvider", "XPIInternal"]
1540506010487	addons.manager	DEBUG	Loaded provider scope for resource://gre/modules/LightweightThemeManager.jsm: ["LightweightThemeManager"]
1540506010503	addons.manager	DEBUG	Loaded provider scope for resource://gre/modules/addons/GMPProvider.jsm
1540506010505	addons.manager	DEBUG	Loaded provider scope for resource://gre/modules/addons/PluginProvider.jsm
1540506010505	addons.manager	DEBUG	Starting provider: XPIProvider
1540506010506	addons.xpi	DEBUG	startup
1540506010507	addons.xpi	INFO	SystemAddonLocation directory is missing
1540506010516	addons.xpi	INFO	Removing all system add-on upgrades.
1540506010517	addons.xpi	DEBUG	checkForChanges
1540506010518	addons.xpi	DEBUG	Loaded add-on state: ${}
1540506010519	addons.xpi	DEBUG	New add-on activity-stream@mozilla.org in app-system-defaults
1540506010520	addons.xpi	DEBUG	New add-on aushelper@mozilla.org in app-system-defaults
1540506010521	addons.xpi	DEBUG	New add-on firefox@getpocket.com in app-system-defaults
1540506010521	addons.xpi	DEBUG	New add-on formautofill@mozilla.org in app-system-defaults
1540506010522	addons.xpi	DEBUG	New add-on onboarding@mozilla.org in app-system-defaults
1540506010522	addons.xpi	DEBUG	New add-on screenshots@mozilla.org in app-system-defaults
1540506010523	addons.xpi	DEBUG	New add-on webcompat-reporter@mozilla.org in app-system-defaults
1540506010524	addons.xpi	DEBUG	New add-on webcompat@mozilla.org in app-system-defaults
1540506010524	addons.xpi	DEBUG	scanForChanges changed: true, state: {}
1540506010530	addons.xpi-utils	DEBUG	Error: Synchronously loading the add-ons database (resource://gre/modules/addons/XPIDatabase.jsm:1329:15) JS Stack trace: syncLoadDB@XPIDatabase.jsm:1329:15
checkForChanges@XPIProvider.jsm:2537:9
startup@XPIProvider.jsm:2120:25
callProvider@AddonManager.jsm:206:12
_startProvider@AddonManager.jsm:654:5
startup@AddonManager.jsm:813:9
startup@AddonManager.jsm:2811:5
observe@addonManager.js:66:9
1540506010530	addons.xpi-utils	DEBUG	Starting async load of XPI database C:\Users\SBMEDADMIN\AppData\Local\Temp\rust_mozprofile.CRlA7QDUDg11\extensions.json
1540506010559	addons.xpi-utils	DEBUG	New add-on activity-stream@mozilla.org installed in app-system-defaults
*** Blocklist::_preloadBlocklistFile: blocklist is disabled
1540506010664	addons.xpi-utils	DEBUG	New add-on aushelper@mozilla.org installed in app-system-defaults
1540506010671	addons.xpi-utils	DEBUG	New add-on firefox@getpocket.com installed in app-system-defaults
1540506010676	addons.xpi-utils	DEBUG	New add-on formautofill@mozilla.org installed in app-system-defaults
1540506010681	addons.xpi-utils	DEBUG	New add-on onboarding@mozilla.org installed in app-system-defaults
1540506010685	addons.xpi-utils	DEBUG	New add-on screenshots@mozilla.org installed in app-system-defaults
1540506010691	addons.xpi-utils	DEBUG	New add-on webcompat-reporter@mozilla.org installed in app-system-defaults
1540506010695	addons.xpi-utils	DEBUG	New add-on webcompat@mozilla.org installed in app-system-defaults
1540506010698	addons.xpi-utils	DEBUG	XPI Database saved, setting schema version preference to 27
1540506010800	addons.manager	DEBUG	Registering startup change 'installed' for activity-stream@mozilla.org
1540506010805	addons.xpi	DEBUG	Loading bootstrap scope from C:\Program Files\Mozilla Firefox\browser\features\activity-stream@mozilla.org.xpi
1540506010808	addons.xpi	DEBUG	Calling bootstrap method install on activity-stream@mozilla.org version 2018.08.22.1219-93becf29
1540506010808	addons.xpi-utils	DEBUG	Make addon app-system-defaults:activity-stream@mozilla.org visible
1540506010808	addons.xpi	DEBUG	Updating XPIState for {"id":"activity-stream@mozilla.org","syncGUID":"{2d9cf867-974c-4623-b121-97ebdd71c564}","version":"2018.08.22.1219-93becf29","type":"extension","defaultLocale":{"name":"Activity Stream","description":"A rich visual history feed and a reimagined home page make it easier than ever to find exactly what you're looking for in Firefox."},"visible":true,"active":false,"userDisabled":false,"appDisabled":false,"installDate":1540477293408,"updateDate":1540477293408,"applyBackgroundUpdates":1,"path":"C:\\Program Files\\Mozilla Firefox\\browser\\features\\activity-stream@mozilla.org.xpi","skinnable":false,"sourceURI":null,"releaseNotesURI":null,"softDisabled":false,"foreignInstall":false,"strictCompatibility":false,"locales":[],"targetApplications":[{"id":"{ec8030f7-c20a-464f-9b0e-13a3a9e97384}","minVersion":"62.0.3","maxVersion":"62.*"}],"targetPlatforms":[],"seen":true,"dependencies":[],"hasEmbeddedWebExtension":false,"userPermissions":null,"icons":{},"blocklistState":0,"blocklistURL":null,"startupData":null,"location":"app-system-defaults"}
1540506010809	addons.manager	DEBUG	Registering startup change 'installed' for aushelper@mozilla.org
1540506010809	addons.xpi	DEBUG	Loading bootstrap scope from C:\Program Files\Mozilla Firefox\browser\features\aushelper@mozilla.org.xpi
1540506010812	addons.xpi	DEBUG	Calling bootstrap method install on aushelper@mozilla.org version 2.0
1540506010812	addons.xpi-utils	DEBUG	Make addon app-system-defaults:aushelper@mozilla.org visible
1540506010812	addons.xpi	DEBUG	Updating XPIState for {"id":"aushelper@mozilla.org","syncGUID":"{a344082c-f05f-4223-9d3c-5af0caf0958f}","version":"2.0","type":"extension","defaultLocale":{"name":"Application Update Service Helper","description":"Sets value(s) in the update url based on custom checks."},"visible":true,"active":false,"userDisabled":false,"appDisabled":false,"installDate":1540477291972,"updateDate":1540477291972,"applyBackgroundUpdates":1,"path":"C:\\Program Files\\Mozilla Firefox\\browser\\features\\aushelper@mozilla.org.xpi","skinnable":false,"sourceURI":null,"releaseNotesURI":null,"softDisabled":false,"foreignInstall":false,"strictCompatibility":false,"locales":[],"targetApplications":[{"id":"{ec8030f7-c20a-464f-9b0e-13a3a9e97384}","minVersion":"62.0.3","maxVersion":"62.*"}],"targetPlatforms":[],"seen":true,"dependencies":[],"hasEmbeddedWebExtension":false,"userPermissions":null,"icons":{},"blocklistState":0,"blocklistURL":null,"startupData":null,"location":"app-system-defaults"}
1540506010813	addons.manager	DEBUG	Registering startup change 'installed' for firefox@getpocket.com
1540506010814	addons.xpi	DEBUG	Loading bootstrap scope from C:\Program Files\Mozilla Firefox\browser\features\firefox@getpocket.com.xpi
1540506010823	addons.xpi	DEBUG	Calling bootstrap method install on firefox@getpocket.com version 1.0.5
1540506010823	addons.xpi-utils	DEBUG	Make addon app-system-defaults:firefox@getpocket.com visible
1540506010823	addons.xpi	DEBUG	Updating XPIState for {"id":"firefox@getpocket.com","syncGUID":"{31939459-11c1-4873-9e22-778a31f3faa9}","version":"1.0.5","type":"extension","defaultLocale":{"name":"Pocket","description":"When you find something you want to view later, put it in Pocket."},"visible":true,"active":false,"userDisabled":false,"appDisabled":false,"installDate":1540477291926,"updateDate":1540477291926,"applyBackgroundUpdates":1,"path":"C:\\Program Files\\Mozilla Firefox\\browser\\features\\firefox@getpocket.com.xpi","skinnable":false,"sourceURI":null,"releaseNotesURI":null,"softDisabled":false,"foreignInstall":false,"strictCompatibility":false,"locales":[],"targetApplications":[{"id":"{ec8030f7-c20a-464f-9b0e-13a3a9e97384}","minVersion":"62.0.3","maxVersion":"62.*"}],"targetPlatforms":[],"seen":true,"dependencies":[],"hasEmbeddedWebExtension":false,"userPermissions":null,"icons":{},"blocklistState":0,"blocklistURL":null,"startupData":null,"location":"app-system-defaults"}
1540506010824	addons.manager	DEBUG	Registering startup change 'installed' for formautofill@mozilla.org
1540506010824	addons.xpi	DEBUG	Loading bootstrap scope from C:\Program Files\Mozilla Firefox\browser\features\formautofill@mozilla.org.xpi
1540506010826	addons.xpi	DEBUG	Calling bootstrap method install on formautofill@mozilla.org version 1.0
1540506010826	addons.xpi-utils	DEBUG	Make addon app-system-defaults:formautofill@mozilla.org visible
1540506010827	addons.xpi	DEBUG	Updating XPIState for {"id":"formautofill@mozilla.org","syncGUID":"{3ac1d7a6-b365-423f-8a13-23f64815d230}","version":"1.0","type":"extension","defaultLocale":{"name":"Form Autofill","description":"Autofill forms with saved profiles"},"visible":true,"active":false,"userDisabled":false,"appDisabled":false,"installDate":1540477291775,"updateDate":1540477291775,"applyBackgroundUpdates":1,"path":"C:\\Program Files\\Mozilla Firefox\\browser\\features\\formautofill@mozilla.org.xpi","skinnable":false,"sourceURI":null,"releaseNotesURI":null,"softDisabled":false,"foreignInstall":false,"strictCompatibility":false,"locales":[],"targetApplications":[{"id":"{ec8030f7-c20a-464f-9b0e-13a3a9e97384}","minVersion":"62.0.3","maxVersion":"62.*"}],"targetPlatforms":[],"seen":true,"dependencies":[],"hasEmbeddedWebExtension":false,"userPermissions":null,"icons":{},"blocklistState":0,"blocklistURL":null,"startupData":null,"location":"app-system-defaults"}
1540506010827	addons.manager	DEBUG	Registering startup change 'installed' for onboarding@mozilla.org
1540506010828	addons.xpi	DEBUG	Loading bootstrap scope from C:\Program Files\Mozilla Firefox\browser\features\onboarding@mozilla.org.xpi
1540506010830	addons.xpi	DEBUG	Calling bootstrap method install on onboarding@mozilla.org version 1.0
1540506010830	addons.xpi-utils	DEBUG	Make addon app-system-defaults:onboarding@mozilla.org visible
1540506010830	addons.xpi	DEBUG	Updating XPIState for {"id":"onboarding@mozilla.org","syncGUID":"{8625a934-3298-4c95-aa2b-8ca0f25953c7}","version":"1.0","type":"extension","defaultLocale":{"name":"Photon onboarding","description":"Photon onboarding"},"visible":true,"active":false,"userDisabled":false,"appDisabled":false,"installDate":1540477291629,"updateDate":1540477291629,"applyBackgroundUpdates":1,"path":"C:\\Program Files\\Mozilla Firefox\\browser\\features\\onboarding@mozilla.org.xpi","skinnable":false,"sourceURI":null,"releaseNotesURI":null,"softDisabled":false,"foreignInstall":false,"strictCompatibility":false,"locales":[],"targetApplications":[{"id":"{ec8030f7-c20a-464f-9b0e-13a3a9e97384}","minVersion":"62.0.3","maxVersion":"62.*"}],"targetPlatforms":[],"seen":true,"dependencies":[],"hasEmbeddedWebExtension":false,"userPermissions":null,"icons":{},"blocklistState":0,"blocklistURL":null,"startupData":null,"location":"app-system-defaults"}
1540506010831	addons.manager	DEBUG	Registering startup change 'installed' for screenshots@mozilla.org
1540506010832	addons.xpi	DEBUG	Loading bootstrap scope from C:\Program Files\Mozilla Firefox\browser\features\screenshots@mozilla.org.xpi
1540506010835	addons.xpi	DEBUG	Calling bootstrap method install on screenshots@mozilla.org version 33.0.0
1540506010835	addons.xpi-utils	DEBUG	Make addon app-system-defaults:screenshots@mozilla.org visible
1540506010835	addons.xpi	DEBUG	Updating XPIState for {"id":"screenshots@mozilla.org","syncGUID":"{6f92f05c-f10a-418d-b9e8-bb99ec29a2f3}","version":"33.0.0","type":"extension","defaultLocale":{"name":"Firefox Screenshots","homepageURL":"https://screenshots.firefox.com/"},"visible":true,"active":false,"userDisabled":false,"appDisabled":false,"installDate":1535650211623,"updateDate":1535650211623,"applyBackgroundUpdates":1,"path":"C:\\Program Files\\Mozilla Firefox\\browser\\features\\screenshots@mozilla.org.xpi","skinnable":false,"sourceURI":null,"releaseNotesURI":null,"softDisabled":false,"foreignInstall":false,"strictCompatibility":false,"locales":[],"targetApplications":[{"id":"{ec8030f7-c20a-464f-9b0e-13a3a9e97384}","minVersion":"57.0a1","maxVersion":"*"}],"targetPlatforms":[],"seen":true,"dependencies":[],"hasEmbeddedWebExtension":false,"userPermissions":null,"icons":{},"blocklistState":0,"blocklistURL":null,"startupData":null,"location":"app-system-defaults"}
1540506010835	addons.manager	DEBUG	Registering startup change 'installed' for webcompat-reporter@mozilla.org
1540506010836	addons.xpi	DEBUG	Loading bootstrap scope from C:\Program Files\Mozilla Firefox\browser\features\webcompat-reporter@mozilla.org.xpi
1540506010838	addons.xpi	DEBUG	Calling bootstrap method install on webcompat-reporter@mozilla.org version 1.0.0
1540506010838	addons.xpi-utils	DEBUG	Make addon app-system-defaults:webcompat-reporter@mozilla.org visible
1540506010838	addons.xpi	DEBUG	Updating XPIState for {"id":"webcompat-reporter@mozilla.org","syncGUID":"{6f96a6ba-0ec1-4cd4-9539-6a16ac22386b}","version":"1.0.0","type":"extension","defaultLocale":{"name":"WebCompat Reporter","description":"Report site compatibility issues on webcompat.com."},"visible":true,"active":false,"userDisabled":false,"appDisabled":false,"installDate":1540477291522,"updateDate":1540477291522,"applyBackgroundUpdates":1,"path":"C:\\Program Files\\Mozilla Firefox\\browser\\features\\webcompat-reporter@mozilla.org.xpi","skinnable":false,"sourceURI":null,"releaseNotesURI":null,"softDisabled":false,"foreignInstall":false,"strictCompatibility":false,"locales":[],"targetApplications":[{"id":"{ec8030f7-c20a-464f-9b0e-13a3a9e97384}","minVersion":"62.0.3","maxVersion":"62.*"}],"targetPlatforms":[],"seen":true,"dependencies":[],"hasEmbeddedWebExtension":false,"userPermissions":null,"icons":{},"blocklistState":0,"blocklistURL":null,"startupData":null,"location":"app-system-defaults"}
1540506010838	addons.manager	DEBUG	Registering startup change 'installed' for webcompat@mozilla.org
1540506010839	addons.xpi	DEBUG	Loading bootstrap scope from C:\Program Files\Mozilla Firefox\browser\features\webcompat@mozilla.org.xpi
1540506010841	addons.xpi	DEBUG	Calling bootstrap method install on webcompat@mozilla.org version 2.0
1540506010841	addons.xpi-utils	DEBUG	Make addon app-system-defaults:webcompat@mozilla.org visible
1540506010841	addons.xpi	DEBUG	Updating XPIState for {"id":"webcompat@mozilla.org","syncGUID":"{73f5c23e-ab7f-429c-903f-2200dff5a935}","version":"2.0","type":"extension","defaultLocale":{"name":"Web Compat","description":"Urgent post-release fixes for web compatibility."},"visible":true,"active":false,"userDisabled":false,"appDisabled":false,"installDate":1540477291477,"updateDate":1540477291477,"applyBackgroundUpdates":1,"path":"C:\\Program Files\\Mozilla Firefox\\browser\\features\\webcompat@mozilla.org.xpi","skinnable":false,"sourceURI":null,"releaseNotesURI":null,"softDisabled":false,"foreignInstall":false,"strictCompatibility":false,"locales":[],"targetApplications":[{"id":"{ec8030f7-c20a-464f-9b0e-13a3a9e97384}","minVersion":"62.0.3","maxVersion":"62.*"},{"id":"{aa3c5121-dab2-40e2-81ca-7ea25febc110}","minVersion":"62.0.3","maxVersion":"62.*"}],"targetPlatforms":[],"seen":true,"dependencies":[],"hasEmbeddedWebExtension":true,"userPermissions":null,"icons":{},"blocklistState":0,"blocklistURL":null,"startupData":null,"location":"app-system-defaults"}
1540506010842	addons.xpi	DEBUG	Updating XPIState for {"id":"activity-stream@mozilla.org","syncGUID":"{2d9cf867-974c-4623-b121-97ebdd71c564}","version":"2018.08.22.1219-93becf29","type":"extension","defaultLocale":{"name":"Activity Stream","description":"A rich visual history feed and a reimagined home page make it easier than ever to find exactly what you're looking for in Firefox."},"visible":true,"active":true,"userDisabled":false,"appDisabled":false,"installDate":1540477293408,"updateDate":1540477293408,"applyBackgroundUpdates":1,"path":"C:\\Program Files\\Mozilla Firefox\\browser\\features\\activity-stream@mozilla.org.xpi","skinnable":false,"sourceURI":null,"releaseNotesURI":null,"softDisabled":false,"foreignInstall":false,"strictCompatibility":false,"locales":[],"targetApplications":[{"id":"{ec8030f7-c20a-464f-9b0e-13a3a9e97384}","minVersion":"62.0.3","maxVersion":"62.*"}],"targetPlatforms":[],"seen":true,"dependencies":[],"hasEmbeddedWebExtension":false,"userPermissions":null,"icons":{},"blocklistState":0,"blocklistURL":null,"startupData":null,"location":"app-system-defaults"}
1540506010842	addons.xpi	DEBUG	Updating XPIState for {"id":"aushelper@mozilla.org","syncGUID":"{a344082c-f05f-4223-9d3c-5af0caf0958f}","version":"2.0","type":"extension","defaultLocale":{"name":"Application Update Service Helper","description":"Sets value(s) in the update url based on custom checks."},"visible":true,"active":true,"userDisabled":false,"appDisabled":false,"installDate":1540477291972,"updateDate":1540477291972,"applyBackgroundUpdates":1,"path":"C:\\Program Files\\Mozilla Firefox\\browser\\features\\aushelper@mozilla.org.xpi","skinnable":false,"sourceURI":null,"releaseNotesURI":null,"softDisabled":false,"foreignInstall":false,"strictCompatibility":false,"locales":[],"targetApplications":[{"id":"{ec8030f7-c20a-464f-9b0e-13a3a9e97384}","minVersion":"62.0.3","maxVersion":"62.*"}],"targetPlatforms":[],"seen":true,"dependencies":[],"hasEmbeddedWebExtension":false,"userPermissions":null,"icons":{},"blocklistState":0,"blocklistURL":null,"startupData":null,"location":"app-system-defaults"}
1540506010842	addons.xpi	DEBUG	Updating XPIState for {"id":"firefox@getpocket.com","syncGUID":"{31939459-11c1-4873-9e22-778a31f3faa9}","version":"1.0.5","type":"extension","defaultLocale":{"name":"Pocket","description":"When you find something you want to view later, put it in Pocket."},"visible":true,"active":true,"userDisabled":false,"appDisabled":false,"installDate":1540477291926,"updateDate":1540477291926,"applyBackgroundUpdates":1,"path":"C:\\Program Files\\Mozilla Firefox\\browser\\features\\firefox@getpocket.com.xpi","skinnable":false,"sourceURI":null,"releaseNotesURI":null,"softDisabled":false,"foreignInstall":false,"strictCompatibility":false,"locales":[],"targetApplications":[{"id":"{ec8030f7-c20a-464f-9b0e-13a3a9e97384}","minVersion":"62.0.3","maxVersion":"62.*"}],"targetPlatforms":[],"seen":true,"dependencies":[],"hasEmbeddedWebExtension":false,"userPermissions":null,"icons":{},"blocklistState":0,"blocklistURL":null,"startupData":null,"location":"app-system-defaults"}
1540506010843	addons.xpi	DEBUG	Updating XPIState for {"id":"formautofill@mozilla.org","syncGUID":"{3ac1d7a6-b365-423f-8a13-23f64815d230}","version":"1.0","type":"extension","defaultLocale":{"name":"Form Autofill","description":"Autofill forms with saved profiles"},"visible":true,"active":true,"userDisabled":false,"appDisabled":false,"installDate":1540477291775,"updateDate":1540477291775,"applyBackgroundUpdates":1,"path":"C:\\Program Files\\Mozilla Firefox\\browser\\features\\formautofill@mozilla.org.xpi","skinnable":false,"sourceURI":null,"releaseNotesURI":null,"softDisabled":false,"foreignInstall":false,"strictCompatibility":false,"locales":[],"targetApplications":[{"id":"{ec8030f7-c20a-464f-9b0e-13a3a9e97384}","minVersion":"62.0.3","maxVersion":"62.*"}],"targetPlatforms":[],"seen":true,"dependencies":[],"hasEmbeddedWebExtension":false,"userPermissions":null,"icons":{},"blocklistState":0,"blocklistURL":null,"startupData":null,"location":"app-system-defaults"}
1540506010843	addons.xpi	DEBUG	Updating XPIState for {"id":"onboarding@mozilla.org","syncGUID":"{8625a934-3298-4c95-aa2b-8ca0f25953c7}","version":"1.0","type":"extension","defaultLocale":{"name":"Photon onboarding","description":"Photon onboarding"},"visible":true,"active":true,"userDisabled":false,"appDisabled":false,"installDate":1540477291629,"updateDate":1540477291629,"applyBackgroundUpdates":1,"path":"C:\\Program Files\\Mozilla Firefox\\browser\\features\\onboarding@mozilla.org.xpi","skinnable":false,"sourceURI":null,"releaseNotesURI":null,"softDisabled":false,"foreignInstall":false,"strictCompatibility":false,"locales":[],"targetApplications":[{"id":"{ec8030f7-c20a-464f-9b0e-13a3a9e97384}","minVersion":"62.0.3","maxVersion":"62.*"}],"targetPlatforms":[],"seen":true,"dependencies":[],"hasEmbeddedWebExtension":false,"userPermissions":null,"icons":{},"blocklistState":0,"blocklistURL":null,"startupData":null,"location":"app-system-defaults"}
1540506010844	addons.xpi	DEBUG	Updating XPIState for {"id":"screenshots@mozilla.org","syncGUID":"{6f92f05c-f10a-418d-b9e8-bb99ec29a2f3}","version":"33.0.0","type":"extension","defaultLocale":{"name":"Firefox Screenshots","homepageURL":"https://screenshots.firefox.com/"},"visible":true,"active":true,"userDisabled":false,"appDisabled":false,"installDate":1535650211623,"updateDate":1535650211623,"applyBackgroundUpdates":1,"path":"C:\\Program Files\\Mozilla Firefox\\browser\\features\\screenshots@mozilla.org.xpi","skinnable":false,"sourceURI":null,"releaseNotesURI":null,"softDisabled":false,"foreignInstall":false,"strictCompatibility":false,"locales":[],"targetApplications":[{"id":"{ec8030f7-c20a-464f-9b0e-13a3a9e97384}","minVersion":"57.0a1","maxVersion":"*"}],"targetPlatforms":[],"seen":true,"dependencies":[],"hasEmbeddedWebExtension":false,"userPermissions":null,"icons":{},"blocklistState":0,"blocklistURL":null,"startupData":null,"location":"app-system-defaults"}
1540506010844	addons.xpi	DEBUG	Updating XPIState for {"id":"webcompat-reporter@mozilla.org","syncGUID":"{6f96a6ba-0ec1-4cd4-9539-6a16ac22386b}","version":"1.0.0","type":"extension","defaultLocale":{"name":"WebCompat Reporter","description":"Report site compatibility issues on webcompat.com."},"visible":true,"active":true,"userDisabled":false,"appDisabled":false,"installDate":1540477291522,"updateDate":1540477291522,"applyBackgroundUpdates":1,"path":"C:\\Program Files\\Mozilla Firefox\\browser\\features\\webcompat-reporter@mozilla.org.xpi","skinnable":false,"sourceURI":null,"releaseNotesURI":null,"softDisabled":false,"foreignInstall":false,"strictCompatibility":false,"locales":[],"targetApplications":[{"id":"{ec8030f7-c20a-464f-9b0e-13a3a9e97384}","minVersion":"62.0.3","maxVersion":"62.*"}],"targetPlatforms":[],"seen":true,"dependencies":[],"hasEmbeddedWebExtension":false,"userPermissions":null,"icons":{},"blocklistState":0,"blocklistURL":null,"startupData":null,"location":"app-system-defaults"}
1540506010844	addons.xpi	DEBUG	Updating XPIState for {"id":"webcompat@mozilla.org","syncGUID":"{73f5c23e-ab7f-429c-903f-2200dff5a935}","version":"2.0","type":"extension","defaultLocale":{"name":"Web Compat","description":"Urgent post-release fixes for web compatibility."},"visible":true,"active":true,"userDisabled":false,"appDisabled":false,"installDate":1540477291477,"updateDate":1540477291477,"applyBackgroundUpdates":1,"path":"C:\\Program Files\\Mozilla Firefox\\browser\\features\\webcompat@mozilla.org.xpi","skinnable":false,"sourceURI":null,"releaseNotesURI":null,"softDisabled":false,"foreignInstall":false,"strictCompatibility":false,"locales":[],"targetApplications":[{"id":"{ec8030f7-c20a-464f-9b0e-13a3a9e97384}","minVersion":"62.0.3","maxVersion":"62.*"},{"id":"{aa3c5121-dab2-40e2-81ca-7ea25febc110}","minVersion":"62.0.3","maxVersion":"62.*"}],"targetPlatforms":[],"seen":true,"dependencies":[],"hasEmbeddedWebExtension":true,"userPermissions":null,"icons":{},"blocklistState":0,"blocklistURL":null,"startupData":null,"location":"app-system-defaults"}
1540506010845	addons.xpi-utils	DEBUG	Updating add-on states
1540506010847	addons.xpi	DEBUG	Registering manifest for C:\Program Files\Mozilla Firefox\browser\features\activity-stream@mozilla.org.xpi
1540506010849	addons.xpi	DEBUG	Calling bootstrap method startup on activity-stream@mozilla.org version 2018.08.22.1219-93becf29
1540506010850	addons.xpi	DEBUG	Registering manifest for C:\Program Files\Mozilla Firefox\browser\features\aushelper@mozilla.org.xpi
1540506010852	addons.xpi	DEBUG	Calling bootstrap method startup on aushelper@mozilla.org version 2.0
1540506010853	addons.xpi	DEBUG	Registering manifest for C:\Program Files\Mozilla Firefox\browser\features\firefox@getpocket.com.xpi
1540506010854	addons.xpi	DEBUG	Calling bootstrap method startup on firefox@getpocket.com version 1.0.5
1540506010860	addons.xpi	DEBUG	Registering manifest for C:\Program Files\Mozilla Firefox\browser\features\formautofill@mozilla.org.xpi
1540506010861	addons.xpi	DEBUG	Calling bootstrap method startup on formautofill@mozilla.org version 1.0
1540506010862	addons.xpi	DEBUG	Registering manifest for C:\Program Files\Mozilla Firefox\browser\features\onboarding@mozilla.org.xpi
1540506010863	addons.xpi	DEBUG	Calling bootstrap method startup on onboarding@mozilla.org version 1.0
1540506010863	addons.xpi	DEBUG	Registering manifest for C:\Program Files\Mozilla Firefox\browser\features\screenshots@mozilla.org.xpi
1540506010865	addons.xpi	DEBUG	Calling bootstrap method startup on screenshots@mozilla.org version 33.0.0
1540506010866	addons.xpi	DEBUG	Registering manifest for C:\Program Files\Mozilla Firefox\browser\features\webcompat-reporter@mozilla.org.xpi
1540506010867	addons.xpi	DEBUG	Calling bootstrap method startup on webcompat-reporter@mozilla.org version 1.0.0
1540506010867	addons.xpi	DEBUG	Registering manifest for C:\Program Files\Mozilla Firefox\browser\features\webcompat@mozilla.org.xpi
1540506010869	addons.xpi	DEBUG	Calling bootstrap method startup on webcompat@mozilla.org version 2.0
1540506010871	addons.manager	DEBUG	Registering shutdown blocker for XPIProvider
1540506010871	addons.manager	DEBUG	Provider finished startup: XPIProvider
1540506010871	addons.manager	DEBUG	Starting provider: LightweightThemeManager
1540506010871	addons.manager	DEBUG	Registering shutdown blocker for LightweightThemeManager
1540506010872	addons.manager	DEBUG	Provider finished startup: LightweightThemeManager
1540506010873	addons.manager	DEBUG	Starting provider: GMPProvider
1540506010875	addons.manager	DEBUG	Registering shutdown blocker for GMPProvider
1540506010875	addons.manager	DEBUG	Provider finished startup: GMPProvider
1540506010875	addons.manager	DEBUG	Starting provider: PluginProvider
1540506010875	addons.manager	DEBUG	Registering shutdown blocker for PluginProvider
1540506010875	addons.manager	DEBUG	Provider finished startup: PluginProvider
1540506010877	addons.manager	DEBUG	Completed startup sequence
1540506011463	addons.repository	DEBUG	No addons.json found.
1540506012527	addons.xpi	DEBUG	Existing add-on activity-stream@mozilla.org in app-system-defaults
1540506012527	addons.xpi	DEBUG	Existing add-on aushelper@mozilla.org in app-system-defaults
1540506012527	addons.xpi	DEBUG	Existing add-on firefox@getpocket.com in app-system-defaults
1540506012527	addons.xpi	DEBUG	Existing add-on formautofill@mozilla.org in app-system-defaults
1540506012527	addons.xpi	DEBUG	Existing add-on onboarding@mozilla.org in app-system-defaults
1540506012528	addons.xpi	DEBUG	Existing add-on screenshots@mozilla.org in app-system-defaults
1540506012528	addons.xpi	DEBUG	Existing add-on webcompat-reporter@mozilla.org in app-system-defaults
1540506012528	addons.xpi	DEBUG	Existing add-on webcompat@mozilla.org in app-system-defaults
1540506012529	addons.xpi	DEBUG	scanForChanges changed: false, state: {}
1540506012617	Marionette	INFO	Listening on port 54436
1540506013028	Marionette	WARN	TLS certificate errors will be ignored for this session
1540506013075	Marionette	DEBUG	[6442450945] Frame script loaded
1540506013076	Marionette	DEBUG	[6442450945] Frame script registered
oct 25, 2018 5:20:13 PM org.openqa.selenium.remote.ProtocolHandshake createSession
INFORMACIÓN: Detected dialect: W3C
1540506017486	Marionette	DEBUG	[6442450945] Received DOM event beforeunload for about:blank
1540506019225	Marionette	DEBUG	[6442450945] Received DOM event pagehide for about:blank
1540506020681	Marionette	DEBUG	[6442450945] Received DOM event DOMContentLoaded for https://vivaair.com/en-co
1540506024700	Marionette	DEBUG	[6442450945] Received DOM event pageshow for https://vivaair.com/en-co
1540506027373	Marionette	DEBUG	[6442450945] Canceled page load listener because no navigation has been detected
1540506028873	Marionette	DEBUG	[6442450945] Canceled page load listener because no navigation has been detected
1540506030152	Marionette	DEBUG	[6442450945] Canceled page load listener because no navigation has been detected
1540506031955	Marionette	DEBUG	[6442450945] Canceled page load listener because no navigation has been detected
1540506032481	addons.productaddons	INFO	Updates are disabled via media.gmp-manager.updateEnabled
1540506034140	Marionette	DEBUG	[6442450945] Canceled page load listener because no navigation has been detected
1540506036106	Marionette	DEBUG	[6442450945] Canceled page load listener because no navigation has been detected
1540506037895	Marionette	DEBUG	[6442450945] Canceled page load listener because no navigation has been detected
1540506040141	Marionette	DEBUG	[6442450945] Canceled page load listener because no navigation has been detected
1540506042556	Marionette	DEBUG	[6442450945] Canceled page load listener because no navigation has been detected
1540506044456	Marionette	DEBUG	[6442450945] Received DOM event beforeunload for https://vivaair.com/en-co
1540506045528	Marionette	DEBUG	[6442450945] Received DOM event pagehide for https://vivaair.com/en-co
1540506045536	Marionette	DEBUG	[6442450945] Received DOM event unload for https://vivaair.com/en-co
1540506045579	Marionette	DEBUG	[6442450945] Received observer notification outer-window-destroyed for 6442450949
1540506045580	Marionette	DEBUG	[6442450945] Received observer notification outer-window-destroyed for 6442450951
1540506045580	Marionette	DEBUG	[6442450945] Received observer notification outer-window-destroyed for 6442450952
1540506045581	Marionette	DEBUG	[6442450945] Received observer notification outer-window-destroyed for 6442450955
1540506045581	Marionette	DEBUG	[6442450945] Received observer notification outer-window-destroyed for 6442450960
1540506046878	Marionette	DEBUG	[6442450945] Received DOM event DOMContentLoaded for https://vivaair.com/en-co/flight/booking
1540506049926	Marionette	DEBUG	[6442450945] Received DOM event pageshow for https://vivaair.com/en-co/flight/booking
JavaScript error: https://vivaair.com/en-co/flight/booking, line 1: ReferenceError: fbq is not defined
1540506051986	Marionette	DEBUG	[6442450945] Canceled page load listener because no navigation has been detected
JavaScript error: https://vivaair.com/en-co/flight/booking, line 1: ReferenceError: fbq is not defined
JavaScript error: https://vivaair.com/en-co/flight/booking, line 1: ReferenceError: fbq is not defined
1540506058999	Marionette	DEBUG	[6442450945] Canceled page load listener because no navigation has been detected
1540506061494	Marionette	INFO	Stopped listening on port 54436
1540506061540	addons.xpi	DEBUG	Calling bootstrap method shutdown on webcompat@mozilla.org version 2.0
1540506061541	addons.xpi	DEBUG	Calling bootstrap method shutdown on webcompat-reporter@mozilla.org version 1.0.0
1540506061541	addons.xpi	DEBUG	Calling bootstrap method shutdown on screenshots@mozilla.org version 33.0.0
1540506061545	addons.xpi	DEBUG	Calling bootstrap method shutdown on onboarding@mozilla.org version 1.0
1540506061546	addons.xpi	DEBUG	Calling bootstrap method shutdown on formautofill@mozilla.org version 1.0
1540506061547	addons.xpi	DEBUG	Calling bootstrap method shutdown on firefox@getpocket.com version 1.0.5
1540506061547	addons.xpi	DEBUG	Calling bootstrap method shutdown on aushelper@mozilla.org version 2.0
1540506061548	addons.xpi	DEBUG	Calling bootstrap method shutdown on activity-stream@mozilla.org version 2018.08.22.1219-93becf29
[Parent 11212, Gecko_IOThread] WARNING: pipe error: 109: file z:/build/build/src/ipc/chromium/src/chrome/common/ipc_channel_win.cc, line 346
[Child 3044, Chrome_ChildThread] WARNING: pipe error: 109: file z:/build/build/src/ipc/chromium/src/chrome/common/ipc_channel_win.cc, line 346
[Child 3044, Chrome_ChildThread] WAR[Parent 11212, Gecko_IOThread] WARNING: pipe error: 109: file z:/build/build/src/ipc/chromium/src/chrome/common/ipc_channel_win.cc, line 346
[Child 12660, Chrome_ChildThread] WARNING: pipe error: 109: file z:/build/build/src/ipc/chromium/src/chrome/common/ipc_channel_win.cc, line 346
[Child 12660, Chrome_ChildThread] WARNING: pipe error: 109: file z:/build/build/src/ipc/chromium/src/chrome/common/ipc_channel_win.cc, line 346
[Parent 11212, Gecko_IOThread] WARNING: pipe error: 109: file z:/build/build/src/ipc/chromium/src/chrome/common/ipc_channel_win.cc, line 346
1540506061677	addons.manager	DEBUG	shutdown
1540506061678	addons.manager	DEBUG	Calling shutdown blocker for XPIProvider
1540506061678	addons.xpi	DEBUG	shutdown
1540506061678	addons.xpi-utils	DEBUG	shutdown
1540506061679	addons.manager	DEBUG	Calling shutdown blocker for LightweightThemeManager
1540506061679	addons.manager	DEBUG	Calling shutdown blocker for GMPProvider
1540506061680	addons.manager	DEBUG	Calling shutdown blocker for PluginProvider
1540506061690	addons.manager	DEBUG	Async provider shutdown done
[GPU 5384, Chrome_ChildThread] 
###!!! [Child][MessageChannel::SendAndWait] Error: Channel error: cannot send/recv

[Test worker] INFO net.thucydides.core.steps.ConsoleLoggingListener - 
        __    _____ _____ ____ _____   ____   _    ____  ____  _____ ____  
  _     \ \  |_   _| ____/ ___|_   _| |  _ \ / \  / ___|/ ___|| ____|  _ \ 
 (_)_____| |   | | |  _| \___ \ | |   | |_) / _ \ \___ \\___ \|  _| | | | |
  _|_____| |   | | | |___ ___) || |   |  __/ ___ \ ___) |___) | |___| |_| |
 (_)     | |   |_| |_____|____/ |_|   |_| /_/   \_\____/|____/|_____|____/ 
        /_/                                                                

TEST PASSED: Find Flight on Viva Colombia
----------------------------------------------------------------------------
]]></system-err>
</testsuite>
